\BOOKMARK [0][-]{part.1}{\376\377\000I\000\040\004\034\004\076\004\064\004\103\004\073\004\114\000\040\0003}{}% 1
\BOOKMARK [1][-]{section.1}{\376\377\004\023\004\065\004\102\004\065\004\100\004\076\004\101\004\072\004\065\004\064\004\060\004\101\004\102\004\070\004\107\004\075\004\076\004\101\004\102\004\114}{part.1}% 2
\BOOKMARK [2][-]{subsection.1.1}{\376\377\004\042\004\065\004\101\004\102\000\040\004\023\004\076\004\073\004\064\004\104\004\065\004\073\004\064\004\060\000-\004\032\004\062\004\060\004\075\004\064\004\102\004\060}{section.1}% 3
\BOOKMARK [2][-]{subsection.1.2}{\376\377\004\042\004\065\004\101\004\102\000\040\004\023\004\073\004\065\004\071\004\067\004\065\004\100\004\060}{section.1}% 4
\BOOKMARK [2][-]{subsection.1.3}{\376\377\004\042\004\065\004\101\004\102\000\040\004\043\004\060\004\071\004\102\004\060}{section.1}% 5
\BOOKMARK [2][-]{subsection.1.4}{\376\377\004\042\004\065\004\101\004\102\000\040\004\021\004\100\004\076\004\071\004\110\004\060\000-\004\037\004\060\004\063\004\060\004\075\004\060}{section.1}% 6
\BOOKMARK [2][-]{subsection.1.5}{\376\377\004\022\004\067\004\062\004\065\004\110\004\065\004\075\004\075\004\113\004\071\000\040\004\074\004\065\004\102\004\076\004\064\000\040\004\076\004\061\004\076\004\061\004\111\004\065\004\075\004\075\004\113\004\105\000\040\004\072\004\062\004\060\004\064\004\100\004\060\004\102\004\076\004\062}{section.1}% 7
\BOOKMARK [2][-]{subsection.1.6}{\376\377\004\041\004\102\004\060\004\075\004\064\004\060\004\100\004\102\004\075\004\113\004\065\000\040\004\076\004\110\004\070\004\061\004\072\004\070\000\040\004\043\004\060\004\071\004\102\004\060}{section.1}% 8
\BOOKMARK [2][-]{subsection.1.7}{\376\377\004\036\004\061\004\076\004\061\004\111\004\065\004\075\004\075\004\113\004\071\000\040\004\074\004\065\004\102\004\076\004\064\000\040\004\075\004\060\004\070\004\074\004\065\004\075\004\114\004\110\004\070\004\105\000\040\004\072\004\062\004\060\004\064\004\100\004\060\004\102\004\076\004\062}{section.1}% 9
\BOOKMARK [1][-]{section.2}{\376\377\004\034\004\065\004\102\004\076\004\064\000\040\004\074\004\060\004\072\004\101\004\070\004\074\004\060\004\073\004\114\004\075\004\076\004\063\004\076\000\040\004\077\004\100\004\060\004\062\004\064\004\076\004\077\004\076\004\064\004\076\004\061\004\070\004\117}{part.1}% 10
\BOOKMARK [2][-]{subsection.2.1}{\376\377\004\040\004\065\004\063\004\100\004\065\004\101\004\101\004\070\004\117}{section.2}% 11
\BOOKMARK [2][-]{subsection.2.2}{\376\377\004\042\004\065\004\101\004\102\000\040\004\022\004\060\004\073\004\114\004\064\004\060}{section.2}% 12
\BOOKMARK [2][-]{subsection.2.3}{\376\377\004\042\004\065\004\101\004\102\000\040\004\076\004\102\004\075\004\076\004\110\004\065\004\075\004\070\004\117\000\040\004\077\004\100\004\060\004\062\004\064\004\076\004\077\004\076\004\064\004\076\004\061\004\070\004\117}{section.2}% 13
\BOOKMARK [2][-]{subsection.2.4}{\376\377\004\042\004\065\004\101\004\102\000\040\004\074\004\075\004\076\004\066\004\070\004\102\004\065\004\073\004\065\004\071\000\040\004\033\004\060\004\063\004\100\004\060\004\075\004\066\004\060}{section.2}% 14
\BOOKMARK [2][-]{subsection.2.5}{\376\377\004\032\004\100\004\070\004\102\004\065\004\100\004\070\004\071\000\040\004\020\004\072\004\060\004\070\004\072\004\065}{section.2}% 15
\BOOKMARK [2][-]{subsection.2.6}{\376\377\004\032\004\100\004\070\004\102\004\065\004\100\004\070\004\071\000\040\004\050\004\062\004\060\004\100\004\106\004\060}{section.2}% 16
\BOOKMARK [1][-]{section.3}{\376\377\004\034\004\076\004\064\004\065\004\073\004\070\000\040\004\061\004\070\004\075\004\060\004\100\004\075\004\076\004\063\004\076\000\040\004\062\004\113\004\061\004\076\004\100\004\060}{part.1}% 17
\BOOKMARK [2][-]{subsection.3.1}{\376\377\004\034\004\076\004\064\004\065\004\073\004\114\000\040\004\073\004\070\004\075\004\065\004\071\004\075\004\076\004\071\000\040\004\062\004\065\004\100\004\076\004\117\004\102\004\075\004\076\004\101\004\102\004\070}{section.3}% 18
\BOOKMARK [2][-]{subsection.3.2}{\376\377\004\033\004\076\004\063\004\070\004\102\000-\004\074\004\076\004\064\004\065\004\073\004\114}{section.3}% 19
\BOOKMARK [2][-]{subsection.3.3}{\376\377\004\037\004\100\004\076\004\061\004\070\004\102\000-\004\074\004\076\004\064\004\065\004\073\004\114}{section.3}% 20
\BOOKMARK [2][-]{subsection.3.4}{\376\377\004\036\004\106\004\065\004\075\004\072\004\060\000\040\004\072\004\060\004\107\004\065\004\101\004\102\004\062\004\060\000\040\004\061\004\070\004\075\004\060\004\100\004\075\004\113\004\105\000\040\004\074\004\076\004\064\004\065\004\073\004\065\004\071}{section.3}% 21
\BOOKMARK [3][-]{subsubsection.3.4.1}{\376\377\000O\000d\000d\000\040\000R\000a\000t\000i\000o}{subsection.3.4}% 22
\BOOKMARK [3][-]{subsubsection.3.4.2}{\376\377\000R\0002\000-\004\034\004\060\004\072\004\044\004\060\004\064\004\064\004\065\004\075\004\060}{subsection.3.4}% 23
\BOOKMARK [3][-]{subsubsection.3.4.3}{\376\377\000P\000s\000e\000u\000d\000o\000R\0002}{subsection.3.4}% 24
\BOOKMARK [3][-]{subsubsection.3.4.4}{\376\377\004\032\004\060\004\107\004\065\004\101\004\102\004\062\004\076\000\040\004\077\004\076\004\064\004\063\004\076\004\075\004\072\004\070\000\040\004\074\004\076\004\064\004\065\004\073\004\070}{subsection.3.4}% 25
\BOOKMARK [3][-]{subsubsection.3.4.5}{\376\377\004\022\004\113\004\061\004\076\004\100\000\040\004\077\004\076\004\100\004\076\004\063\004\060\000\040\004\076\004\102\004\101\004\065\004\107\004\065\004\075\004\070\004\117}{subsection.3.4}% 26
\BOOKMARK [1][-]{section.4}{\376\377\004\041\004\102\004\076\004\105\004\060\004\101\004\102\004\070\004\107\004\065\004\101\004\072\004\070\004\065\000\040\004\100\004\065\004\063\004\100\004\065\004\101\004\101\004\076\004\100\004\113}{part.1}% 27
\BOOKMARK [2][-]{subsection.4.1}{\376\377\004\055\004\075\004\064\004\076\004\063\004\065\004\075\004\075\004\076\004\101\004\102\004\114}{section.4}% 28
\BOOKMARK [2][-]{subsection.4.2}{\376\377\004\030\004\075\004\101\004\102\004\100\004\103\004\074\004\065\004\075\004\102\004\060\004\073\004\114\004\075\004\113\004\065\000\040\004\077\004\065\004\100\004\065\004\074\004\065\004\075\004\075\004\113\004\065}{section.4}% 29
\BOOKMARK [3][-]{subsubsection.4.2.1}{\376\377\004\024\004\062\004\103\004\105\004\110\004\060\004\063\004\076\004\062\004\113\004\071\000\040\004\034\004\035\004\032}{subsection.4.2}% 30
\BOOKMARK [2][-]{subsection.4.3}{\376\377\004\042\004\065\004\101\004\102\000\040\004\045\004\060\004\103\004\101\004\074\004\060\004\075\004\075\004\060}{section.4}% 31
\BOOKMARK [1][-]{section.5}{\376\377\004\036\004\061\004\076\004\061\004\111\004\065\004\075\004\075\004\113\004\071\000\040\004\074\004\065\004\102\004\076\004\064\000\040\004\074\004\076\004\074\004\065\004\075\004\102\004\076\004\062}{part.1}% 32
\BOOKMARK [2][-]{subsection.5.1}{\376\377\004\042\004\065\004\101\004\102\004\070\004\100\004\076\004\062\004\060\004\075\004\070\004\065\000\040\004\072\004\060\004\107\004\065\004\101\004\102\004\062\004\060\000\040\004\070\004\075\004\101\004\102\004\100\004\103\004\074\004\065\004\075\004\102\004\076\004\062}{section.5}% 33
\BOOKMARK [1][-]{section.6}{\376\377\004\041\004\070\004\101\004\102\004\065\004\074\004\113\000\040\004\076\004\064\004\075\004\076\004\062\004\100\004\065\004\074\004\065\004\075\004\075\004\113\004\105\000\040\004\103\004\100\004\060\004\062\004\075\004\065\004\075\004\070\004\071}{part.1}% 34
\BOOKMARK [2][-]{subsection.6.1}{\376\377\004\036\004\061\004\111\004\070\004\071\000\040\004\101\004\073\004\103\004\107\004\060\004\071\000\040\004\041\004\036\004\043}{section.6}% 35
\BOOKMARK [2][-]{subsection.6.2}{\376\377\004\042\004\100\004\065\004\105\004\110\004\060\004\063\004\076\004\062\004\113\004\071\000\040\004\034\004\035\004\032}{section.6}% 36
\BOOKMARK [2][-]{subsection.6.3}{\376\377\000S\000U\000R\000.\000\040\004\022\004\075\004\065\004\110\004\075\004\065\000\040\004\075\004\065\000\040\004\101\004\062\004\117\004\067\004\060\004\075\004\075\004\113\004\065\000\040\004\103\004\100\004\060\004\062\004\075\004\065\004\075\004\070\004\117}{section.6}% 37
\BOOKMARK [1][-]{section.7}{\376\377\004\034\004\076\004\064\004\065\004\073\004\070\000\040\004\074\004\075\004\076\004\066\004\065\004\101\004\102\004\062\004\065\004\075\004\075\004\076\004\063\004\076\000\040\004\062\004\113\004\061\004\076\004\100\004\060}{part.1}% 38
\BOOKMARK [2][-]{subsection.7.1}{\376\377\004\034\004\076\004\064\004\065\004\073\004\070\000\040\004\103\004\077\004\076\004\100\004\117\004\064\004\076\004\107\004\065\004\075\004\075\004\076\004\063\004\076\000\040\004\074\004\075\004\076\004\066\004\065\004\101\004\102\004\062\004\065\004\075\004\075\004\076\004\063\004\076\000\040\004\062\004\113\004\061\004\076\004\100\004\060}{section.7}% 39
\BOOKMARK [3][-]{subsubsection.7.1.1}{\376\377\004\023\004\070\004\077\004\076\004\102\004\065\004\067\004\060\000\040\004\076\000\040\004\077\004\060\004\100\004\060\004\073\004\073\004\065\004\073\004\114\004\075\004\076\004\101\004\102\004\070}{subsection.7.1}% 40
\BOOKMARK [3][-]{subsubsection.7.1.2}{\376\377\004\036\004\102\004\075\004\076\004\110\004\065\004\075\004\070\004\065\000\040\004\110\004\060\004\075\004\101\004\076\004\062}{subsection.7.1}% 41
\BOOKMARK [3][-]{subsubsection.7.1.3}{\376\377\004\037\004\100\004\065\004\064\004\065\004\073\004\114\004\075\004\113\004\065\000\040\004\115\004\104\004\104\004\065\004\072\004\102\004\113}{subsection.7.1}% 42
\BOOKMARK [2][-]{subsection.7.2}{\376\377\004\034\004\103\004\073\004\114\004\102\004\070\004\075\004\076\004\074\004\070\004\060\004\073\004\114\004\075\004\113\004\065\000\040\004\074\004\076\004\064\004\065\004\073\004\070}{section.7}% 43
\BOOKMARK [1][-]{section.8}{\376\377\004\042\004\076\004\061\004\070\004\102\000,\000\040\000S\000a\000m\000p\000l\000e\000\040\000s\000e\000l\000e\000c\000t\000i\000o\000n\000\040\000m\000o\000d\000e\000l\000s}{part.1}% 44
\BOOKMARK [2][-]{subsection.8.1}{\376\377\004\042\004\076\004\061\004\070\004\102}{section.8}% 45
\BOOKMARK [2][-]{subsection.8.2}{\376\377\004\034\004\076\004\064\004\065\004\073\004\114\000\040\004\045\004\065\004\072\004\074\004\060\004\075\004\060}{section.8}% 46
\BOOKMARK [3][-]{subsubsection.8.2.1}{\376\377\004\036\004\106\004\065\004\075\004\072\004\060}{subsection.8.2}% 47
\BOOKMARK [1][-]{section.9}{\376\377\004\057\004\064\004\065\004\100\004\075\004\113\004\065\000\040\004\074\004\065\004\102\004\076\004\064\004\113}{part.1}% 48
\BOOKMARK [2][-]{subsection.9.1}{\376\377\004\057\004\064\004\065\004\100\004\075\004\060\004\117\000\040\004\076\004\106\004\065\004\075\004\072\004\060\000\040\004\100\004\065\004\063\004\100\004\065\004\101\004\101\004\070\004\070}{section.9}% 49
\BOOKMARK [0][-]{part.2}{\376\377\000I\000I\000\040\004\034\004\076\004\064\004\103\004\073\004\114\000\040\0004}{}% 50
\BOOKMARK [1][-]{section.10}{\376\377\004\022\004\100\004\065\004\074\004\065\004\075\004\075\004\113\004\065\000\040\004\100\004\117\004\064\004\113}{part.2}% 51
\BOOKMARK [2][-]{subsection.10.1}{\376\377\004\037\004\100\004\076\004\106\004\065\004\101\004\101\004\113}{section.10}% 52
\BOOKMARK [2][-]{subsection.10.2}{\376\377\004\024\004\070\004\060\004\063\004\075\004\076\004\101\004\102\004\070\004\072\004\060\000\040\004\074\004\076\004\064\004\065\004\073\004\065\004\071}{section.10}% 53
\BOOKMARK [3][-]{subsubsection.10.2.1}{\376\377\000A\000C\000F\000,\000\040\000P\000A\000C\000F}{subsection.10.2}% 54
\BOOKMARK [2][-]{subsection.10.3}{\376\377\004\041\004\077\004\076\004\101\004\076\004\061\004\113\000\040\004\076\004\106\004\065\004\075\004\072\004\070\000\040\004\077\004\060\004\100\004\060\004\074\004\065\004\102\004\100\004\076\004\062}{section.10}% 55
\BOOKMARK [2][-]{subsection.10.4}{\376\377\004\032\004\100\004\070\004\102\004\065\004\100\004\070\004\070\000\040\004\062\004\113\004\061\004\076\004\100\004\060\000\040\000p\000\040\004\070\000\040\000q}{section.10}% 56
\BOOKMARK [2][-]{subsection.10.5}{\376\377\000A\000R\000I\000M\000A}{section.10}% 57
\BOOKMARK [2][-]{subsection.10.6}{\376\377\004\037\004\076\004\064\004\105\004\076\004\064\000\040\004\021\004\076\004\072\004\101\004\060\000-\004\024\004\066\004\065\004\075\004\072\004\070\004\075\004\101\004\060}{section.10}% 58
\BOOKMARK [2][-]{subsection.10.7}{\376\377\004\041\004\076\004\062\004\100\004\065\004\074\004\065\004\075\004\075\004\113\004\071\000\040\004\077\004\076\004\064\004\105\004\076\004\064}{section.10}% 59
\BOOKMARK [2][-]{subsection.10.8}{\376\377\004\020\004\062\004\102\004\076\004\072\004\076\004\100\004\100\004\065\004\073\004\117\004\106\004\070\004\117\000\040\004\101\004\073\004\103\004\107\004\060\004\071\004\075\004\076\004\071\000\040\004\101\004\076\004\101\004\102\004\060\004\062\004\073\004\117\004\116\004\111\004\065\004\071}{section.10}% 60
\BOOKMARK [3][-]{subsubsection.10.8.1}{\376\377\004\042\004\065\004\101\004\102\000\040\004\101\004\065\004\100\004\070\004\071}{subsection.10.8}% 61
\BOOKMARK [3][-]{subsubsection.10.8.2}{\376\377\004\041\004\102\004\060\004\102\004\070\004\101\004\102\004\070\004\072\004\060\000\040\004\024\004\060\004\100\004\061\004\070\004\075\004\060\000-\004\043\004\076\004\102\004\101\004\076\004\075\004\060}{subsection.10.8}% 62
\BOOKMARK [3][-]{subsubsection.10.8.3}{\376\377\004\043\004\101\004\102\004\100\004\060\004\075\004\065\004\075\004\070\004\065\000\040\004\060\004\062\004\102\004\076\004\072\004\076\004\100\004\100\004\065\004\073\004\117\004\106\004\070\004\070}{subsection.10.8}% 63
\BOOKMARK [3][-]{subsubsection.10.8.4}{\376\377\004\036\004\106\004\065\004\075\004\072\004\060\000\040\004\077\004\060\004\100\004\060\004\074\004\065\004\102\004\100\004\060\000\040\004\060\004\062\004\102\004\076\004\072\004\076\004\100\004\100\004\065\004\073\004\117\004\106\004\070\004\070}{subsection.10.8}% 64
\BOOKMARK [2][-]{subsection.10.9}{\376\377\004\034\004\076\004\064\004\065\004\073\004\070\004\100\004\076\004\062\004\060\004\075\004\070\004\065\000\040\004\101\004\065\004\067\004\076\004\075\004\075\004\076\004\101\004\102\004\070\000\040\004\062\004\076\000\040\004\062\004\100\004\065\004\074\004\065\004\075\004\075\004\113\004\105\000\040\004\100\004\117\004\064\004\060\004\105}{section.10}% 65
\BOOKMARK [3][-]{subsubsection.10.9.1}{\376\377\004\034\004\076\004\064\004\065\004\073\004\070\000\040\000A\000R\000I\000M\000A\000\040\004\101\000\040\004\101\004\065\004\067\004\076\004\075\004\075\004\076\004\101\004\102\004\114\004\116}{subsection.10.9}% 66
\BOOKMARK [3][-]{subsubsection.10.9.2}{\376\377\000S\000A\000R\000I\000M\000A}{subsection.10.9}% 67
\BOOKMARK [3][-]{subsubsection.10.9.3}{\376\377\004\037\004\100\004\076\004\106\004\065\004\064\004\103\004\100\004\113\000\040\004\101\004\063\004\073\004\060\004\066\004\070\004\062\004\060\004\075\004\070\004\117\000\040\004\100\004\117\004\064\004\060}{subsection.10.9}% 68
\BOOKMARK [2][-]{subsection.10.10}{\376\377\004\037\004\100\004\076\004\063\004\075\004\076\004\067\004\070\004\100\004\076\004\062\004\060\004\075\004\070\004\065\000\040\004\101\000\040\004\077\004\076\004\074\004\076\004\111\004\114\004\116\000\040\004\062\004\100\004\065\004\074\004\065\004\075\004\075\004\113\004\105\000\040\004\100\004\117\004\064\004\076\004\062}{section.10}% 69
\BOOKMARK [3][-]{subsubsection.10.10.1}{\376\377\004\037\004\100\004\076\004\063\004\075\004\076\004\067\004\070\004\100\004\076\004\062\004\060\004\075\004\070\004\065\000\040\004\077\004\076\000\040\004\074\004\076\004\064\004\065\004\073\004\070\000\040\000A\000R\000M\000A\000\050\000p\000,\000\040\000q\000\051}{subsection.10.10}% 70
\BOOKMARK [3][-]{subsubsection.10.10.2}{\376\377\004\032\004\076\004\070\004\075\004\102\004\065\004\063\004\100\004\060\004\106\004\070\004\117\000\040\004\062\004\100\004\065\004\074\004\065\004\075\004\075\004\113\004\105\000\040\004\100\004\117\004\064\004\076\004\062}{subsection.10.10}% 71
\BOOKMARK [2][-]{subsection.10.11}{\376\377\004\034\004\076\004\064\004\065\004\073\004\070\000\040\004\101\000\040\004\100\004\060\004\101\004\077\004\100\004\065\004\064\004\073\004\065\004\075\004\075\004\113\004\074\004\070\000\040\004\073\004\060\004\063\004\060\004\074\004\070}{section.10}% 72
