\BOOKMARK [0][-]{part.1}{\376\377\000I\000\040\004\041\004\065\004\074\004\065\004\101\004\102\004\100\000\040\0001}{}% 1
\BOOKMARK [1][-]{section.1}{\376\377\004\033\004\070\004\075\004\065\004\071\004\075\004\060\004\117\000\040\004\100\004\065\004\063\004\100\004\065\004\101\004\101\004\070\004\117}{part.1}% 2
\BOOKMARK [2][-]{subsection.1.1}{\376\377\004\041\004\062\004\076\004\071\004\101\004\102\004\062\004\060\000\040\004\073\004\070\004\075\004\065\004\071\004\075\004\076\004\071\000\040\004\100\004\065\004\063\004\100\004\065\004\101\004\101\004\070\004\070}{section.1}% 3
\BOOKMARK [2][-]{subsection.1.2}{\376\377\004\024\004\070\004\101\004\077\004\065\004\100\004\101\004\070\004\076\004\075\004\075\004\113\004\071\000\040\004\060\004\075\004\060\004\073\004\070\004\067}{section.1}% 4
\BOOKMARK [2][-]{subsection.1.3}{\376\377\004\030\004\075\004\102\004\065\004\100\004\062\004\060\004\073\004\114\004\075\004\113\004\065\000\040\004\076\004\106\004\065\004\075\004\072\004\070}{section.1}% 5
\BOOKMARK [2][-]{subsection.1.4}{\376\377\004\042\004\065\004\076\004\100\004\065\004\074\004\060\000\040\004\023\004\060\004\103\004\101\004\101\004\060\000-\004\034\004\060\004\100\004\072\004\076\004\062\004\060}{section.1}% 6
\BOOKMARK [2][-]{subsection.1.5}{\376\377\004\041\004\102\004\060\004\075\004\064\004\060\004\100\004\102\004\075\004\113\004\065\000\040\004\076\004\110\004\070\004\061\004\072\004\070\000\040\004\100\004\065\004\063\004\100\004\065\004\101\004\101\004\070\004\070}{section.1}% 7
\BOOKMARK [2][-]{subsection.1.6}{\376\377\004\024\004\076\004\062\004\065\004\100\004\070\004\102\004\065\004\073\004\114\004\075\004\113\004\065\000\040\004\070\004\075\004\102\004\065\004\100\004\062\004\060\004\073\004\113\000\040\004\064\004\073\004\117\000\040\004\076\004\106\004\065\004\075\004\072\004\070\000\040\004\072\004\076\004\115\004\104\004\104\004\070\004\106\004\070\004\065\004\075\004\102\004\076\004\062}{section.1}% 8
\BOOKMARK [2][-]{subsection.1.7}{\376\377\004\037\004\100\004\065\004\064\004\101\004\072\004\060\004\067\004\060\004\075\004\070\004\117\000\040\004\101\000\040\004\077\004\076\004\074\004\076\004\111\004\114\004\116\000\040\004\100\004\065\004\063\004\100\004\065\004\101\004\101\004\070\004\070}{section.1}% 9
\BOOKMARK [2][-]{subsection.1.8}{\376\377\004\035\004\076\004\100\004\074\004\060\004\073\004\114\004\075\004\076\004\101\004\102\004\114\000\040\004\100\004\060\004\101\004\077\004\100\004\065\004\064\004\065\004\073\004\065\004\075\004\070\004\117\000\040\004\076\004\101\004\102\004\060\004\102\004\072\004\076\004\062}{section.1}% 10
\BOOKMARK [1][-]{section.2}{\376\377\004\034\004\075\004\076\004\066\004\065\004\101\004\102\004\062\004\065\004\075\004\075\004\060\004\117\000\040\004\073\004\070\004\075\004\065\004\071\004\075\004\060\004\117\000\040\004\100\004\065\004\063\004\100\004\065\004\101\004\101\004\070\004\117}{part.1}% 11
\BOOKMARK [2][-]{subsection.2.1}{\376\377\004\042\004\065\004\076\004\100\004\065\004\074\004\060\000\040\004\023\004\060\004\103\004\101\004\101\004\060\000-\004\034\004\060\004\100\004\072\004\076\004\062\004\060\000\040\004\064\004\073\004\117\000\040\004\034\004\033\004\040}{section.2}% 12
\BOOKMARK [2][-]{subsection.2.2}{\376\377\004\032\004\076\004\115\004\104\004\104\004\070\004\106\004\070\004\065\004\075\004\102\000\040\004\074\004\075\004\076\004\066\004\065\004\101\004\102\004\062\004\065\004\075\004\075\004\076\004\071\000\040\004\064\004\065\004\102\004\065\004\100\004\074\004\070\004\075\004\060\004\106\004\070\004\070}{section.2}% 13
\BOOKMARK [2][-]{subsection.2.3}{\376\377\004\037\004\100\004\076\004\062\004\065\004\100\004\072\004\060\000\040\004\067\004\075\004\060\004\107\004\070\004\074\004\076\004\101\004\102\004\070\000\040\004\072\004\076\004\115\004\104\004\104\004\070\004\106\004\070\004\065\004\075\004\102\004\076\004\062\000\040\004\074\004\075\004\076\004\066\004\065\004\101\004\102\004\062\004\065\004\075\004\075\004\076\004\071\000\040\004\100\004\065\004\063\004\100\004\065\004\101\004\101\004\070\004\070}{section.2}% 14
\BOOKMARK [2][-]{subsection.2.4}{\376\377\004\023\004\070\004\077\004\076\004\102\004\065\004\067\004\060\000\040\004\076\004\061\000\040\004\060\004\064\004\065\004\072\004\062\004\060\004\102\004\075\004\076\004\101\004\102\004\070\000\040\004\034\004\033\004\040}{section.2}% 15
\BOOKMARK [2][-]{subsection.2.5}{\376\377\004\023\004\070\004\077\004\076\004\102\004\065\004\067\004\060\000\040\004\076\000\040\000Q\000\040\004\073\004\070\004\075\004\065\004\071\004\075\004\113\004\105\000\040\004\076\004\063\004\100\004\060\004\075\004\070\004\107\004\065\004\075\004\070\004\071}{section.2}% 16
\BOOKMARK [1][-]{section.3}{\376\377\004\044\004\070\004\072\004\102\004\070\004\062\004\075\004\113\004\065\000\040\004\077\004\065\004\100\004\065\004\074\004\065\004\075\004\075\004\113\004\065}{part.1}% 17
\BOOKMARK [1][-]{section.4}{\376\377\004\022\004\113\004\061\004\100\004\076\004\101\004\113}{part.1}% 18
\BOOKMARK [2][-]{subsection.4.1}{\376\377\000V\000e\000r\000t\000i\000c\000a\000l\000\040\000O\000u\000t\000l\000i\000e\000r\000s}{section.4}% 19
\BOOKMARK [2][-]{subsection.4.2}{\376\377\000B\000a\000d\000\040\000L\000e\000v\000e\000r\000a\000g\000e}{section.4}% 20
\BOOKMARK [1][-]{section.5}{\376\377\004\044\004\103\004\075\004\072\004\106\004\070\004\076\004\075\004\060\004\073\004\114\004\075\004\113\004\065\000\040\004\077\004\100\004\065\004\076\004\061\004\100\004\060\004\067\004\076\004\062\004\060\004\075\004\070\004\117\000\040\004\077\004\065\004\100\004\065\004\074\004\065\004\075\004\075\004\113\004\105}{part.1}% 21
\BOOKMARK [2][-]{subsection.5.1}{\376\377\004\044\004\076\004\100\004\074\004\113\000\040\004\074\004\076\004\064\004\065\004\073\004\065\004\071}{section.5}% 22
\BOOKMARK [2][-]{subsection.5.2}{\376\377\004\042\004\065\004\101\004\102\004\113}{section.5}% 23
\BOOKMARK [3][-]{subsubsection.5.2.1}{\376\377\004\042\004\065\004\101\004\102\000\040\004\021\004\076\004\072\004\101\004\060\000-\004\032\004\076\004\072\004\101\004\060}{subsection.5.2}% 24
\BOOKMARK [3][-]{subsubsection.5.2.2}{\376\377\004\042\004\065\004\101\004\102\000\040\004\037\004\076\004\073\004\060\000-\004\027\004\060\004\100\004\065\004\074\004\061\004\072\004\070}{subsection.5.2}% 25
\BOOKMARK [3][-]{subsubsection.5.2.3}{\376\377\000B\000M\000\040\004\102\004\065\004\101\004\102}{subsection.5.2}% 26
\BOOKMARK [3][-]{subsubsection.5.2.4}{\376\377\000P\000E\000\040\004\102\004\065\004\101\004\102}{subsection.5.2}% 27
\BOOKMARK [1][-]{section.6}{\376\377\004\036\004\110\004\070\004\061\004\072\004\070\000\040\004\101\004\077\004\065\004\106\004\070\004\104\004\070\004\072\004\060\004\106\004\070\004\070}{part.1}% 28
\BOOKMARK [2][-]{subsection.6.1}{\376\377\004\035\004\065\004\062\004\072\004\073\004\116\004\107\004\065\004\075\004\070\004\065\000\040\004\101\004\103\004\111\004\065\004\101\004\102\004\062\004\065\004\075\004\075\004\076\004\071\000\040\004\077\004\065\004\100\004\065\004\074\004\065\004\075\004\075\004\076\004\071}{section.6}% 29
\BOOKMARK [2][-]{subsection.6.2}{\376\377\004\022\004\072\004\073\004\116\004\107\004\065\004\075\004\070\004\065\000\040\004\073\004\070\004\110\004\075\004\065\004\071\000\040\004\077\004\065\004\100\004\065\004\074\004\065\004\075\004\075\004\076\004\071}{section.6}% 30
\BOOKMARK [2][-]{subsection.6.3}{\376\377\004\042\004\065\004\076\004\100\004\065\004\074\004\060\000\040\004\076\000\040\004\072\004\076\004\100\004\075\004\065\000\040\004\070\004\067\000\040\000R}{section.6}% 31
\BOOKMARK [2][-]{subsection.6.4}{\376\377\000R\000E\000S\000E\000T}{section.6}% 32
\BOOKMARK [1][-]{section.7}{\376\377\004\034\004\103\004\073\004\114\004\102\004\070\004\072\004\076\004\073\004\073\004\070\004\075\004\065\004\060\004\100\004\075\004\076\004\101\004\102\004\114}{part.1}% 33
\BOOKMARK [2][-]{subsection.7.1}{\376\377\004\032\004\100\004\070\004\102\004\065\004\100\004\070\004\070\000\040\004\074\004\103\004\073\004\114\004\102\004\070\004\072\004\076\004\073\004\073\004\070\004\075\004\065\004\060\004\100\004\075\004\076\004\101\004\102\004\070}{section.7}% 34
\BOOKMARK [3][-]{subsubsection.7.1.1}{\376\377\000V\000I\000F}{subsection.7.1}% 35
\BOOKMARK [3][-]{subsubsection.7.1.2}{\376\377\000C\000o\000n\000d\000i\000t\000i\000o\000n\000a\000l\000\040\000n\000u\000m\000b\000e\000r}{subsection.7.1}% 36
\BOOKMARK [2][-]{subsection.7.2}{\376\377\004\034\004\065\004\102\004\076\004\064\004\113\000\040\004\061\004\076\004\100\004\114\004\061\004\113\000\040\004\101\000\040\004\074\004\103\004\073\004\114\004\102\004\070\004\072\004\076\004\073\004\073\004\070\004\075\004\065\004\060\004\100\004\075\004\076\004\101\004\102\004\114\004\116}{section.7}% 37
\BOOKMARK [2][-]{subsection.7.3}{\376\377\000P\000C\000A}{section.7}% 38
\BOOKMARK [1][-]{section.8}{\376\377\000R\000i\000d\000g\000e\000,\000\040\000L\000a\000s\000s\000o}{part.1}% 39
\BOOKMARK [2][-]{subsection.8.1}{\376\377\000R\000i\000d\000g\000e}{section.8}% 40
\BOOKMARK [2][-]{subsection.8.2}{\376\377\004\022\004\113\004\061\004\076\004\100\000\040}{section.8}% 41
\BOOKMARK [1][-]{section.9}{\376\377\004\037\004\100\004\076\004\063\004\075\004\076\004\067\004\070\004\100\004\076\004\062\004\060\004\075\004\070\004\065\000\040\004\077\004\076\000\040\004\100\004\065\004\063\004\100\004\065\004\101\004\101\004\070\004\076\004\075\004\075\004\076\004\071\000\040\004\074\004\076\004\064\004\065\004\073\004\070\000\040\004\070\000\040\004\065\004\063\004\076\000\040\004\102\004\076\004\107\004\075\004\076\004\101\004\102\004\114}{part.1}% 42
\BOOKMARK [2][-]{subsection.9.1}{\376\377\004\042\004\076\004\107\004\065\004\107\004\075\004\113\004\071\000\040\004\077\004\100\004\076\004\063\004\075\004\076\004\067}{section.9}% 43
\BOOKMARK [2][-]{subsection.9.2}{\376\377\004\036\004\110\004\070\004\061\004\072\004\060\000\040\004\070\004\075\004\064\004\070\004\062\004\070\004\064\004\103\004\060\004\073\004\114\004\075\004\076\004\063\004\076\000\040\004\077\004\100\004\076\004\063\004\075\004\076\004\067\004\060}{section.9}% 44
\BOOKMARK [2][-]{subsection.9.3}{\376\377\004\030\004\075\004\102\004\065\004\100\004\062\004\060\004\073\004\114\004\075\004\113\004\071\000\040\004\077\004\100\004\076\004\063\004\075\004\076\004\067}{section.9}% 45
\BOOKMARK [2][-]{subsection.9.4}{\376\377\004\036\004\110\004\070\004\061\004\072\004\060\000\040\004\101\004\100\004\065\004\064\004\075\004\065\004\063\004\076\000\040\004\077\004\100\004\076\004\063\004\075\004\076\004\067\004\060}{section.9}% 46
\BOOKMARK [2][-]{subsection.9.5}{\376\377\004\030\004\075\004\102\004\065\004\100\004\062\004\060\004\073\000\040\004\064\004\073\004\117\000\040\004\101\004\100\004\065\004\064\004\075\004\065\004\063\004\076\000\040\004\077\004\100\004\076\004\063\004\075\004\076\004\067\004\060}{section.9}% 47
\BOOKMARK [1][-]{section.10}{\376\377\004\023\004\065\004\102\004\065\004\100\004\076\004\101\004\072\004\065\004\064\004\060\004\101\004\102\004\070\004\107\004\075\004\076\004\101\004\102\004\114}{part.1}% 48
\BOOKMARK [2][-]{subsection.10.1}{\376\377\004\042\004\065\004\101\004\102\000\040\004\023\004\076\004\073\004\064\004\104\004\065\004\073\004\064\004\060\000-\004\032\004\062\004\060\004\075\004\064\004\102\004\060}{section.10}% 49
\BOOKMARK [2][-]{subsection.10.2}{\376\377\004\042\004\065\004\101\004\102\000\040\004\023\004\073\004\065\004\071\004\067\004\065\004\100\004\060}{section.10}% 50
\BOOKMARK [2][-]{subsection.10.3}{\376\377\004\042\004\065\004\101\004\102\000\040\004\043\004\060\004\071\004\102\004\060}{section.10}% 51
\BOOKMARK [2][-]{subsection.10.4}{\376\377\004\042\004\065\004\101\004\102\000\040\004\021\004\100\004\076\004\071\004\110\004\060\000-\004\037\004\060\004\063\004\060\004\075\004\060}{section.10}% 52
\BOOKMARK [2][-]{subsection.10.5}{\376\377\004\022\004\067\004\062\004\065\004\110\004\065\004\075\004\075\004\113\004\071\000\040\004\074\004\065\004\102\004\076\004\064\000\040\004\076\004\061\004\076\004\061\004\111\004\065\004\075\004\075\004\113\004\105\000\040\004\072\004\062\004\060\004\064\004\100\004\060\004\102\004\076\004\062}{section.10}% 53
\BOOKMARK [2][-]{subsection.10.6}{\376\377\004\041\004\102\004\060\004\075\004\064\004\060\004\100\004\102\004\075\004\113\004\065\000\040\004\076\004\110\004\070\004\061\004\072\004\070\000\040\004\043\004\060\004\071\004\102\004\060}{section.10}% 54
\BOOKMARK [2][-]{subsection.10.7}{\376\377\004\036\004\061\004\076\004\061\004\111\004\065\004\075\004\075\004\113\004\071\000\040\004\074\004\065\004\102\004\076\004\064\000\040\004\075\004\060\004\070\004\074\004\065\004\075\004\114\004\110\004\070\004\105\000\040\004\072\004\062\004\060\004\064\004\100\004\060\004\102\004\076\004\062}{section.10}% 55
\BOOKMARK [0][-]{part.2}{\376\377\000I\000I\000\040\004\034\004\076\004\064\004\103\004\073\004\114\000\040\0003}{}% 56
\BOOKMARK [1][-]{section.11}{\376\377\004\034\004\065\004\102\004\076\004\064\000\040\004\074\004\060\004\072\004\101\004\070\004\074\004\060\004\073\004\114\004\075\004\076\004\063\004\076\000\040\004\077\004\100\004\060\004\062\004\064\004\076\004\077\004\076\004\064\004\076\004\061\004\070\004\117}{part.2}% 57
\BOOKMARK [2][-]{subsection.11.1}{\376\377\004\040\004\065\004\063\004\100\004\065\004\101\004\101\004\070\004\117}{section.11}% 58
\BOOKMARK [2][-]{subsection.11.2}{\376\377\004\042\004\065\004\101\004\102\000\040\004\022\004\060\004\073\004\114\004\064\004\060}{section.11}% 59
\BOOKMARK [2][-]{subsection.11.3}{\376\377\004\042\004\065\004\101\004\102\000\040\004\076\004\102\004\075\004\076\004\110\004\065\004\075\004\070\004\117\000\040\004\077\004\100\004\060\004\062\004\064\004\076\004\077\004\076\004\064\004\076\004\061\004\070\004\117}{section.11}% 60
\BOOKMARK [2][-]{subsection.11.4}{\376\377\004\042\004\065\004\101\004\102\000\040\004\074\004\075\004\076\004\066\004\070\004\102\004\065\004\073\004\065\004\071\000\040\004\033\004\060\004\063\004\100\004\060\004\075\004\066\004\060}{section.11}% 61
\BOOKMARK [2][-]{subsection.11.5}{\376\377\004\032\004\100\004\070\004\102\004\065\004\100\004\070\004\071\000\040\004\020\004\072\004\060\004\070\004\072\004\065}{section.11}% 62
\BOOKMARK [2][-]{subsection.11.6}{\376\377\004\032\004\100\004\070\004\102\004\065\004\100\004\070\004\071\000\040\004\050\004\062\004\060\004\100\004\106\004\060}{section.11}% 63
\BOOKMARK [1][-]{section.12}{\376\377\004\034\004\076\004\064\004\065\004\073\004\070\000\040\004\061\004\070\004\075\004\060\004\100\004\075\004\076\004\063\004\076\000\040\004\062\004\113\004\061\004\076\004\100\004\060}{part.2}% 64
\BOOKMARK [2][-]{subsection.12.1}{\376\377\004\034\004\076\004\064\004\065\004\073\004\114\000\040\004\073\004\070\004\075\004\065\004\071\004\075\004\076\004\071\000\040\004\062\004\065\004\100\004\076\004\117\004\102\004\075\004\076\004\101\004\102\004\070}{section.12}% 65
\BOOKMARK [2][-]{subsection.12.2}{\376\377\004\033\004\076\004\063\004\070\004\102\000-\004\074\004\076\004\064\004\065\004\073\004\114}{section.12}% 66
\BOOKMARK [2][-]{subsection.12.3}{\376\377\004\037\004\100\004\076\004\061\004\070\004\102\000-\004\074\004\076\004\064\004\065\004\073\004\114}{section.12}% 67
\BOOKMARK [2][-]{subsection.12.4}{\376\377\004\036\004\106\004\065\004\075\004\072\004\060\000\040\004\072\004\060\004\107\004\065\004\101\004\102\004\062\004\060\000\040\004\061\004\070\004\075\004\060\004\100\004\075\004\113\004\105\000\040\004\074\004\076\004\064\004\065\004\073\004\065\004\071}{section.12}% 68
\BOOKMARK [3][-]{subsubsection.12.4.1}{\376\377\000O\000d\000d\000\040\000R\000a\000t\000i\000o}{subsection.12.4}% 69
\BOOKMARK [3][-]{subsubsection.12.4.2}{\376\377\000R\0002\000-\004\034\004\060\004\072\004\044\004\060\004\064\004\064\004\065\004\075\004\060}{subsection.12.4}% 70
\BOOKMARK [3][-]{subsubsection.12.4.3}{\376\377\000P\000s\000e\000u\000d\000o\000R\0002}{subsection.12.4}% 71
\BOOKMARK [3][-]{subsubsection.12.4.4}{\376\377\004\032\004\060\004\107\004\065\004\101\004\102\004\062\004\076\000\040\004\077\004\076\004\064\004\063\004\076\004\075\004\072\004\070\000\040\004\074\004\076\004\064\004\065\004\073\004\070}{subsection.12.4}% 72
\BOOKMARK [3][-]{subsubsection.12.4.5}{\376\377\004\022\004\113\004\061\004\076\004\100\000\040\004\077\004\076\004\100\004\076\004\063\004\060\000\040\004\076\004\102\004\101\004\065\004\107\004\065\004\075\004\070\004\117}{subsection.12.4}% 73
\BOOKMARK [1][-]{section.13}{\376\377\004\041\004\102\004\076\004\105\004\060\004\101\004\102\004\070\004\107\004\065\004\101\004\072\004\070\004\065\000\040\004\100\004\065\004\063\004\100\004\065\004\101\004\101\004\076\004\100\004\113}{part.2}% 74
\BOOKMARK [2][-]{subsection.13.1}{\376\377\004\055\004\075\004\064\004\076\004\063\004\065\004\075\004\075\004\076\004\101\004\102\004\114}{section.13}% 75
\BOOKMARK [2][-]{subsection.13.2}{\376\377\004\030\004\075\004\101\004\102\004\100\004\103\004\074\004\065\004\075\004\102\004\060\004\073\004\114\004\075\004\113\004\065\000\040\004\077\004\065\004\100\004\065\004\074\004\065\004\075\004\075\004\113\004\065}{section.13}% 76
\BOOKMARK [3][-]{subsubsection.13.2.1}{\376\377\004\024\004\062\004\103\004\105\004\110\004\060\004\063\004\076\004\062\004\113\004\071\000\040\004\034\004\035\004\032}{subsection.13.2}% 77
\BOOKMARK [2][-]{subsection.13.3}{\376\377\004\042\004\065\004\101\004\102\000\040\004\045\004\060\004\103\004\101\004\074\004\060\004\075\004\075\004\060}{section.13}% 78
\BOOKMARK [1][-]{section.14}{\376\377\004\036\004\061\004\076\004\061\004\111\004\065\004\075\004\075\004\113\004\071\000\040\004\074\004\065\004\102\004\076\004\064\000\040\004\074\004\076\004\074\004\065\004\075\004\102\004\076\004\062}{part.2}% 79
\BOOKMARK [2][-]{subsection.14.1}{\376\377\004\042\004\065\004\101\004\102\004\070\004\100\004\076\004\062\004\060\004\075\004\070\004\065\000\040\004\072\004\060\004\107\004\065\004\101\004\102\004\062\004\060\000\040\004\070\004\075\004\101\004\102\004\100\004\103\004\074\004\065\004\075\004\102\004\076\004\062}{section.14}% 80
\BOOKMARK [1][-]{section.15}{\376\377\004\041\004\070\004\101\004\102\004\065\004\074\004\113\000\040\004\076\004\064\004\075\004\076\004\062\004\100\004\065\004\074\004\065\004\075\004\075\004\113\004\105\000\040\004\103\004\100\004\060\004\062\004\075\004\065\004\075\004\070\004\071}{part.2}% 81
\BOOKMARK [2][-]{subsection.15.1}{\376\377\004\036\004\061\004\111\004\070\004\071\000\040\004\101\004\073\004\103\004\107\004\060\004\071\000\040\004\041\004\036\004\043}{section.15}% 82
\BOOKMARK [2][-]{subsection.15.2}{\376\377\004\042\004\100\004\065\004\105\004\110\004\060\004\063\004\076\004\062\004\113\004\071\000\040\004\034\004\035\004\032}{section.15}% 83
\BOOKMARK [2][-]{subsection.15.3}{\376\377\000S\000U\000R\000.\000\040\004\022\004\075\004\065\004\110\004\075\004\065\000\040\004\075\004\065\000\040\004\101\004\062\004\117\004\067\004\060\004\075\004\075\004\113\004\065\000\040\004\103\004\100\004\060\004\062\004\075\004\065\004\075\004\070\004\117}{section.15}% 84
\BOOKMARK [1][-]{section.16}{\376\377\004\034\004\076\004\064\004\065\004\073\004\070\000\040\004\074\004\075\004\076\004\066\004\065\004\101\004\102\004\062\004\065\004\075\004\075\004\076\004\063\004\076\000\040\004\062\004\113\004\061\004\076\004\100\004\060}{part.2}% 85
\BOOKMARK [2][-]{subsection.16.1}{\376\377\004\034\004\076\004\064\004\065\004\073\004\070\000\040\004\103\004\077\004\076\004\100\004\117\004\064\004\076\004\107\004\065\004\075\004\075\004\076\004\063\004\076\000\040\004\074\004\075\004\076\004\066\004\065\004\101\004\102\004\062\004\065\004\075\004\075\004\076\004\063\004\076\000\040\004\062\004\113\004\061\004\076\004\100\004\060}{section.16}% 86
\BOOKMARK [3][-]{subsubsection.16.1.1}{\376\377\004\023\004\070\004\077\004\076\004\102\004\065\004\067\004\060\000\040\004\076\000\040\004\077\004\060\004\100\004\060\004\073\004\073\004\065\004\073\004\114\004\075\004\076\004\101\004\102\004\070}{subsection.16.1}% 87
\BOOKMARK [3][-]{subsubsection.16.1.2}{\376\377\004\036\004\102\004\075\004\076\004\110\004\065\004\075\004\070\004\065\000\040\004\110\004\060\004\075\004\101\004\076\004\062}{subsection.16.1}% 88
\BOOKMARK [3][-]{subsubsection.16.1.3}{\376\377\004\037\004\100\004\065\004\064\004\065\004\073\004\114\004\075\004\113\004\065\000\040\004\115\004\104\004\104\004\065\004\072\004\102\004\113}{subsection.16.1}% 89
\BOOKMARK [2][-]{subsection.16.2}{\376\377\004\034\004\103\004\073\004\114\004\102\004\070\004\075\004\076\004\074\004\070\004\060\004\073\004\114\004\075\004\113\004\065\000\040\004\074\004\076\004\064\004\065\004\073\004\070}{section.16}% 90
\BOOKMARK [1][-]{section.17}{\376\377\004\042\004\076\004\061\004\070\004\102\000,\000\040\000S\000a\000m\000p\000l\000e\000\040\000s\000e\000l\000e\000c\000t\000i\000o\000n\000\040\000m\000o\000d\000e\000l\000s}{part.2}% 91
\BOOKMARK [2][-]{subsection.17.1}{\376\377\004\042\004\076\004\061\004\070\004\102}{section.17}% 92
\BOOKMARK [2][-]{subsection.17.2}{\376\377\004\034\004\076\004\064\004\065\004\073\004\114\000\040\004\045\004\065\004\072\004\074\004\060\004\075\004\060}{section.17}% 93
\BOOKMARK [3][-]{subsubsection.17.2.1}{\376\377\004\036\004\106\004\065\004\075\004\072\004\060}{subsection.17.2}% 94
\BOOKMARK [1][-]{section.18}{\376\377\004\057\004\064\004\065\004\100\004\075\004\113\004\065\000\040\004\074\004\065\004\102\004\076\004\064\004\113}{part.2}% 95
\BOOKMARK [2][-]{subsection.18.1}{\376\377\004\057\004\064\004\065\004\100\004\075\004\060\004\117\000\040\004\076\004\106\004\065\004\075\004\072\004\060\000\040\004\100\004\065\004\063\004\100\004\065\004\101\004\101\004\070\004\070}{section.18}% 96
\BOOKMARK [0][-]{part.3}{\376\377\000I\000I\000I\000\040\004\034\004\076\004\064\004\103\004\073\004\114\000\040\0004}{}% 97
\BOOKMARK [1][-]{section.19}{\376\377\004\022\004\100\004\065\004\074\004\065\004\075\004\075\004\113\004\065\000\040\004\100\004\117\004\064\004\113}{part.3}% 98
\BOOKMARK [2][-]{subsection.19.1}{\376\377\004\037\004\100\004\076\004\106\004\065\004\101\004\101\004\113}{section.19}% 99
\BOOKMARK [2][-]{subsection.19.2}{\376\377\004\024\004\070\004\060\004\063\004\075\004\076\004\101\004\102\004\070\004\072\004\060\000\040\004\074\004\076\004\064\004\065\004\073\004\065\004\071}{section.19}% 100
\BOOKMARK [3][-]{subsubsection.19.2.1}{\376\377\000A\000C\000F\000,\000\040\000P\000A\000C\000F}{subsection.19.2}% 101
\BOOKMARK [2][-]{subsection.19.3}{\376\377\004\041\004\077\004\076\004\101\004\076\004\061\004\113\000\040\004\076\004\106\004\065\004\075\004\072\004\070\000\040\004\077\004\060\004\100\004\060\004\074\004\065\004\102\004\100\004\076\004\062}{section.19}% 102
\BOOKMARK [2][-]{subsection.19.4}{\376\377\004\032\004\100\004\070\004\102\004\065\004\100\004\070\004\070\000\040\004\062\004\113\004\061\004\076\004\100\004\060\000\040\000p\000\040\004\070\000\040\000q}{section.19}% 103
\BOOKMARK [2][-]{subsection.19.5}{\376\377\000A\000R\000I\000M\000A}{section.19}% 104
\BOOKMARK [2][-]{subsection.19.6}{\376\377\004\037\004\076\004\064\004\105\004\076\004\064\000\040\004\021\004\076\004\072\004\101\004\060\000-\004\024\004\066\004\065\004\075\004\072\004\070\004\075\004\101\004\060}{section.19}% 105
\BOOKMARK [2][-]{subsection.19.7}{\376\377\004\041\004\076\004\062\004\100\004\065\004\074\004\065\004\075\004\075\004\113\004\071\000\040\004\077\004\076\004\064\004\105\004\076\004\064}{section.19}% 106
\BOOKMARK [2][-]{subsection.19.8}{\376\377\004\020\004\062\004\102\004\076\004\072\004\076\004\100\004\100\004\065\004\073\004\117\004\106\004\070\004\117\000\040\004\101\004\073\004\103\004\107\004\060\004\071\004\075\004\076\004\071\000\040\004\101\004\076\004\101\004\102\004\060\004\062\004\073\004\117\004\116\004\111\004\065\004\071}{section.19}% 107
\BOOKMARK [3][-]{subsubsection.19.8.1}{\376\377\004\042\004\065\004\101\004\102\000\040\004\101\004\065\004\100\004\070\004\071}{subsection.19.8}% 108
\BOOKMARK [3][-]{subsubsection.19.8.2}{\376\377\004\041\004\102\004\060\004\102\004\070\004\101\004\102\004\070\004\072\004\060\000\040\004\024\004\060\004\100\004\061\004\070\004\075\004\060\000-\004\043\004\076\004\102\004\101\004\076\004\075\004\060}{subsection.19.8}% 109
\BOOKMARK [3][-]{subsubsection.19.8.3}{\376\377\004\043\004\101\004\102\004\100\004\060\004\075\004\065\004\075\004\070\004\065\000\040\004\060\004\062\004\102\004\076\004\072\004\076\004\100\004\100\004\065\004\073\004\117\004\106\004\070\004\070}{subsection.19.8}% 110
\BOOKMARK [3][-]{subsubsection.19.8.4}{\376\377\004\036\004\106\004\065\004\075\004\072\004\060\000\040\004\077\004\060\004\100\004\060\004\074\004\065\004\102\004\100\004\060\000\040\004\060\004\062\004\102\004\076\004\072\004\076\004\100\004\100\004\065\004\073\004\117\004\106\004\070\004\070}{subsection.19.8}% 111
\BOOKMARK [2][-]{subsection.19.9}{\376\377\004\034\004\076\004\064\004\065\004\073\004\070\004\100\004\076\004\062\004\060\004\075\004\070\004\065\000\040\004\101\004\065\004\067\004\076\004\075\004\075\004\076\004\101\004\102\004\070\000\040\004\062\004\076\000\040\004\062\004\100\004\065\004\074\004\065\004\075\004\075\004\113\004\105\000\040\004\100\004\117\004\064\004\060\004\105}{section.19}% 112
\BOOKMARK [3][-]{subsubsection.19.9.1}{\376\377\004\034\004\076\004\064\004\065\004\073\004\070\000\040\000A\000R\000I\000M\000A\000\040\004\101\000\040\004\101\004\065\004\067\004\076\004\075\004\075\004\076\004\101\004\102\004\114\004\116}{subsection.19.9}% 113
\BOOKMARK [3][-]{subsubsection.19.9.2}{\376\377\000S\000A\000R\000I\000M\000A}{subsection.19.9}% 114
\BOOKMARK [3][-]{subsubsection.19.9.3}{\376\377\004\037\004\100\004\076\004\106\004\065\004\064\004\103\004\100\004\113\000\040\004\101\004\063\004\073\004\060\004\066\004\070\004\062\004\060\004\075\004\070\004\117\000\040\004\100\004\117\004\064\004\060}{subsection.19.9}% 115
\BOOKMARK [2][-]{subsection.19.10}{\376\377\004\037\004\100\004\076\004\063\004\075\004\076\004\067\004\070\004\100\004\076\004\062\004\060\004\075\004\070\004\065\000\040\004\101\000\040\004\077\004\076\004\074\004\076\004\111\004\114\004\116\000\040\004\062\004\100\004\065\004\074\004\065\004\075\004\075\004\113\004\105\000\040\004\100\004\117\004\064\004\076\004\062}{section.19}% 116
\BOOKMARK [3][-]{subsubsection.19.10.1}{\376\377\004\037\004\100\004\076\004\063\004\075\004\076\004\067\004\070\004\100\004\076\004\062\004\060\004\075\004\070\004\065\000\040\004\077\004\076\000\040\004\074\004\076\004\064\004\065\004\073\004\070\000\040\000A\000R\000M\000A\000\050\000p\000,\000\040\000q\000\051}{subsection.19.10}% 117
\BOOKMARK [3][-]{subsubsection.19.10.2}{\376\377\004\032\004\076\004\070\004\075\004\102\004\065\004\063\004\100\004\060\004\106\004\070\004\117\000\040\004\062\004\100\004\065\004\074\004\065\004\075\004\075\004\113\004\105\000\040\004\100\004\117\004\064\004\076\004\062}{subsection.19.10}% 118
\BOOKMARK [2][-]{subsection.19.11}{\376\377\004\034\004\076\004\064\004\065\004\073\004\070\000\040\004\101\000\040\004\100\004\060\004\101\004\077\004\100\004\065\004\064\004\073\004\065\004\075\004\075\004\113\004\074\004\070\000\040\004\073\004\060\004\063\004\060\004\074\004\070}{section.19}% 119
\BOOKMARK [1][-]{section.20}{\376\377\004\037\004\060\004\075\004\065\004\073\004\114\004\075\004\113\004\065\000\040\004\064\004\060\004\075\004\075\004\113\004\065}{part.3}% 120
\BOOKMARK [2][-]{subsection.20.1}{\376\377\004\041\004\077\004\076\004\101\004\076\004\061\000\040\004\077\004\100\004\065\004\064\004\101\004\102\004\060\004\062\004\073\004\065\004\075\004\070\004\117\000\040\004\064\004\060\004\075\004\075\004\113\004\105}{section.20}% 121
\BOOKMARK [3][-]{subsubsection.20.1.1}{\376\377\000P\000o\000o\000l\000e\000d\000\040\000r\000e\000g\000r\000e\000s\000s\000i\000o\000n}{subsection.20.1}% 122
\BOOKMARK [3][-]{subsubsection.20.1.2}{\376\377\004\034\004\076\004\064\004\065\004\073\004\070\000\040\004\101\000\040\004\104\004\070\004\072\004\101\004\070\004\100\004\076\004\062\004\060\004\075\004\075\004\113\004\074\004\070\000\040\004\077\004\065\004\100\004\065\004\074\004\065\004\075\004\075\004\113\004\074\004\070}{subsection.20.1}% 123
\BOOKMARK [3][-]{subsubsection.20.1.3}{\376\377\000B\000e\000t\000w\000e\000e\000n\000\040\000R\000e\000g\000r\000e\000s\000s\000i\000o\000n}{subsection.20.1}% 124
\BOOKMARK [3][-]{subsubsection.20.1.4}{\376\377\000W\000i\000t\000h\000i\000n\000\040\000R\000e\000g\000r\000e\000s\000s\000i\000o\000n}{subsection.20.1}% 125
\BOOKMARK [3][-]{subsubsection.20.1.5}{\376\377\004\034\004\076\004\064\004\065\004\073\004\070\000\040\004\101\004\076\000\040\004\101\004\073\004\103\004\107\004\060\004\071\004\075\004\113\004\074\004\070\000\040\004\115\004\104\004\104\004\065\004\072\004\102\004\060\004\074\004\070}{subsection.20.1}% 126
\BOOKMARK [3][-]{subsubsection.20.1.6}{\376\377\004\034\004\076\004\064\004\065\004\073\004\114\000\040\004\101\000\040\004\104\004\070\004\072\004\101\004\070\004\100\004\076\004\062\004\060\004\075\004\075\004\113\004\074\004\070\000\040\004\070\004\075\004\064\004\070\004\062\004\070\004\064\004\103\004\060\004\073\004\114\004\075\004\113\004\074\004\070\000\040\004\115\004\104\004\104\004\065\004\072\004\102\004\060\004\074\004\070\000\040\004\070\000\040\004\062\004\100\004\065\004\074\004\065\004\075\004\075\004\113\004\074\004\070\000\040\004\115\004\104\004\104\004\065\004\072\004\102\004\060\004\074\004\070}{subsection.20.1}% 127
\BOOKMARK [2][-]{subsection.20.2}{\376\377\004\024\004\070\004\075\004\060\004\074\004\070\004\107\004\065\004\101\004\072\004\070\004\065\000\040\004\074\004\076\004\064\004\065\004\073\004\070\000\040\004\077\004\060\004\075\004\065\004\073\004\114\004\075\004\113\004\105\000\040\004\064\004\060\004\075\004\075\004\113\004\105}{section.20}% 128
\BOOKMARK [3][-]{subsubsection.20.2.1}{\376\377\004\024\004\070\004\075\004\060\004\074\004\070\004\107\004\065\004\101\004\072\004\070\004\065\000\040\004\074\004\076\004\064\004\065\004\073\004\070\000\040\004\101\000\040\004\115\004\072\004\067\004\076\004\063\004\065\004\075\004\075\004\113\004\074\004\070\000\040\004\077\004\065\004\100\004\065\004\074\004\065\004\075\004\075\004\113\004\074\004\070}{subsection.20.2}% 129
\BOOKMARK [2][-]{subsection.20.3}{\376\377\004\042\004\065\004\101\004\102\004\070\004\100\004\076\004\062\004\060\004\075\004\070\004\065\000\040\004\072\004\060\004\107\004\065\004\101\004\102\004\062\004\060\000\040\004\070\004\075\004\101\004\102\004\100\004\103\004\074\004\065\004\075\004\102\004\076\004\062}{section.20}% 130
\BOOKMARK [2][-]{subsection.20.4}{\376\377\004\042\004\065\004\101\004\102\004\070\004\100\004\076\004\062\004\060\004\075\004\070\004\065\000\040\004\075\004\065\004\072\004\076\004\100\004\065\004\073\004\073\004\070\004\100\004\076\004\062\004\060\004\075\004\075\004\076\004\101\004\102\004\070\000\040\004\076\004\110\004\070\004\061\004\076\004\072\000\040\000\050\000A\000B\000\040\000t\000e\000s\000t\000\051}{section.20}% 131
